#
# There is insufficient memory for the Java Runtime Environment to continue.
# Native memory allocation (malloc) failed to allocate 58192 bytes for Chunk::new
# Possible reasons:
#   The system is out of physical RAM or swap space
#   The process is running with CompressedOops enabled, and the Java Heap may be blocking the growth of the native heap
# Possible solutions:
#   Reduce memory load on the system
#   Increase physical memory or swap space
#   Check if swap backing store is full
#   Decrease Java heap size (-Xmx/-Xms)
#   Decrease number of Java threads
#   Decrease Java thread stack sizes (-Xss)
#   Set larger code cache with -XX:ReservedCodeCacheSize=
#   JVM is running with Unscaled Compressed Oops mode in which the Java heap is
#     placed in the first 4GB address space. The Java Heap base address is the
#     maximum limit for the native heap growth. Please use -XX:HeapBaseMinAddress
#     to set the Java Heap base and to place the Java Heap above 4GB virtual address.
# This output file may be truncated or incomplete.
#
#  Out of Memory Error (arena.cpp:184), pid=8724, tid=14572
#
# JRE version: Java(TM) SE Runtime Environment (18.0.2.1+1) (build 18.0.2.1+1-1)
# Java VM: Java HotSpot(TM) 64-Bit Server VM (18.0.2.1+1-1, mixed mode, sharing, tiered, compressed oops, compressed class ptrs, g1 gc, windows-amd64)
# No core dump will be written. Minidumps are not enabled by default on client versions of Windows
#

---------------  S U M M A R Y ------------

Command Line: -XX:MaxMetaspaceSize=512m --add-opens=java.base/java.util=ALL-UNNAMED --add-opens=java.base/java.lang=ALL-UNNAMED --add-opens=java.base/java.lang.invoke=ALL-UNNAMED --add-opens=java.prefs/java.util.prefs=ALL-UNNAMED --add-opens=java.base/java.nio.charset=ALL-UNNAMED --add-opens=java.base/java.net=ALL-UNNAMED --add-opens=java.base/java.util.concurrent.atomic=ALL-UNNAMED -Xmx2048m -Dfile.encoding=UTF-8 -Duser.country=GB -Duser.language=en -Duser.variant org.gradle.launcher.daemon.bootstrap.GradleDaemon 8.0.1

Host: Intel(R) Core(TM) i5-6300U CPU @ 2.40GHz, 4 cores, 7G,  Windows 10 , 64 bit Build 19041 (10.0.19041.3636)
Time: Tue May 21 15:40:11 2024 India Standard Time elapsed time: 50.239476 seconds (0d 0h 0m 50s)

---------------  T H R E A D  ---------------

Current thread (0x000002757e932640):  JavaThread "C2 CompilerThread0" daemon [_thread_in_native, id=14572, stack(0x000000e967f00000,0x000000e968000000)]


Current CompileTask:
C2:  50239 4311       4       org.gradle.internal.logging.text.AbstractLineChoppingStyledTextOutput::doAppend (43 bytes)

Stack: [0x000000e967f00000,0x000000e968000000]
Native frames: (J=compiled Java code, j=interpreted, Vv=VM code, C=native code)
V  [jvm.dll+0x6993aa]
V  [jvm.dll+0x7f46dd]
V  [jvm.dll+0x7f5fee]
V  [jvm.dll+0x7f66a3]
V  [jvm.dll+0x25cf1f]
V  [jvm.dll+0xb8c2f]
V  [jvm.dll+0xb8fa5]
V  [jvm.dll+0x1327ef]
V  [jvm.dll+0x626df2]
V  [jvm.dll+0x62b44c]
V  [jvm.dll+0x22ff78]
V  [jvm.dll+0x22f4d1]
V  [jvm.dll+0x1ba01c]
V  [jvm.dll+0x23ee0a]
V  [jvm.dll+0x23d0f5]
V  [jvm.dll+0x7a6dd1]
V  [jvm.dll+0x7a120a]
V  [jvm.dll+0x698255]
C  [ucrtbase.dll+0x21bb2]
C  [KERNEL32.DLL+0x17344]
C  [ntdll.dll+0x526b1]


---------------  P R O C E S S  ---------------

Threads class SMR info:
_java_thread_list=0x000002751fad8e90, length=37, elements={
0x00000275797da420, 0x000002757e917120, 0x000002757e917c90, 0x000002757e92d030,
0x000002757e92e8f0, 0x000002757e9311b0, 0x000002757e931a60, 0x000002757e932640,
0x000002757e932f30, 0x000002757e9a5030, 0x000002751cc8f930, 0x000002751cc9be20,
0x000002751e31fe20, 0x000002751d4d55a0, 0x000002751d623a40, 0x000002751d976e70,
0x000002751d698fe0, 0x000002751dd90000, 0x000002751d8a6ee0, 0x000002751d8a86f0,
0x000002751d8a7d50, 0x000002751d8a6070, 0x000002751d8a7880, 0x000002751d8a6540,
0x000002751d8a73b0, 0x000002751d8a8220, 0x000002751d8a9a30, 0x000002751d8a9560,
0x000002751d8a6a10, 0x000002751ecdbe40, 0x000002751ecdc310, 0x000002751ecdab00,
0x000002751ecd7140, 0x000002751ecd7fb0, 0x000002751ecd4f90, 0x000002751ecd6c70,
0x000002751ecd8e20
}

Java Threads: ( => current thread )
  0x00000275797da420 JavaThread "main" [_thread_blocked, id=12736, stack(0x000000e967200000,0x000000e967300000)]
  0x000002757e917120 JavaThread "Reference Handler" daemon [_thread_blocked, id=5772, stack(0x000000e967900000,0x000000e967a00000)]
  0x000002757e917c90 JavaThread "Finalizer" daemon [_thread_blocked, id=476, stack(0x000000e967a00000,0x000000e967b00000)]
  0x000002757e92d030 JavaThread "Signal Dispatcher" daemon [_thread_blocked, id=18524, stack(0x000000e967b00000,0x000000e967c00000)]
  0x000002757e92e8f0 JavaThread "Attach Listener" daemon [_thread_blocked, id=17372, stack(0x000000e967c00000,0x000000e967d00000)]
  0x000002757e9311b0 JavaThread "Service Thread" daemon [_thread_blocked, id=13772, stack(0x000000e967d00000,0x000000e967e00000)]
  0x000002757e931a60 JavaThread "Monitor Deflation Thread" daemon [_thread_blocked, id=12508, stack(0x000000e967e00000,0x000000e967f00000)]
=>0x000002757e932640 JavaThread "C2 CompilerThread0" daemon [_thread_in_native, id=14572, stack(0x000000e967f00000,0x000000e968000000)]
  0x000002757e932f30 JavaThread "C1 CompilerThread0" daemon [_thread_in_native, id=6504, stack(0x000000e968000000,0x000000e968100000)]
  0x000002757e9a5030 JavaThread "Sweeper thread" daemon [_thread_blocked, id=19192, stack(0x000000e968100000,0x000000e968200000)]
  0x000002751cc8f930 JavaThread "Common-Cleaner" daemon [_thread_blocked, id=11356, stack(0x000000e968200000,0x000000e968300000)]
  0x000002751cc9be20 JavaThread "Notification Thread" daemon [_thread_blocked, id=13976, stack(0x000000e968300000,0x000000e968400000)]
  0x000002751e31fe20 JavaThread "Daemon health stats" [_thread_blocked, id=18920, stack(0x000000e968800000,0x000000e968900000)]
  0x000002751d4d55a0 JavaThread "Incoming local TCP Connector on port 63959" [_thread_in_native, id=10400, stack(0x000000e968900000,0x000000e968a00000)]
  0x000002751d623a40 JavaThread "Daemon periodic checks" [_thread_blocked, id=17744, stack(0x000000e968a00000,0x000000e968b00000)]
  0x000002751d976e70 JavaThread "Daemon" [_thread_blocked, id=12548, stack(0x000000e968b00000,0x000000e968c00000)]
  0x000002751d698fe0 JavaThread "Handler for socket connection from /127.0.0.1:63959 to /127.0.0.1:63961" [_thread_in_native, id=11048, stack(0x000000e968c00000,0x000000e968d00000)]
  0x000002751dd90000 JavaThread "Cancel handler" [_thread_blocked, id=13720, stack(0x000000e968d00000,0x000000e968e00000)]
  0x000002751d8a6ee0 JavaThread "Daemon worker" [_thread_in_native, id=15100, stack(0x000000e968e00000,0x000000e968f00000)]
  0x000002751d8a86f0 JavaThread "Asynchronous log dispatcher for DefaultDaemonConnection: socket connection from /127.0.0.1:63959 to /127.0.0.1:63961" [_thread_blocked, id=14196, stack(0x000000e968f00000,0x000000e969000000)]
  0x000002751d8a7d50 JavaThread "Stdin handler" [_thread_blocked, id=17216, stack(0x000000e969000000,0x000000e969100000)]
  0x000002751d8a6070 JavaThread "Daemon client event forwarder" [_thread_blocked, id=3528, stack(0x000000e969100000,0x000000e969200000)]
  0x000002751d8a7880 JavaThread "Cache worker for journal cache (C:\Users\Dell\.gradle\caches\journal-1)" [_thread_blocked, id=2112, stack(0x000000e969200000,0x000000e969300000)]
  0x000002751d8a6540 JavaThread "File lock request listener" [_thread_in_native, id=17960, stack(0x000000e969300000,0x000000e969400000)]
  0x000002751d8a73b0 JavaThread "Cache worker for file hash cache (C:\Users\Dell\.gradle\caches\8.0.1\fileHashes)" [_thread_blocked, id=15668, stack(0x000000e969400000,0x000000e969500000)]
  0x000002751d8a8220 JavaThread "File watcher server" daemon [_thread_in_native, id=15604, stack(0x000000e969500000,0x000000e969600000)]
  0x000002751d8a9a30 JavaThread "File watcher consumer" daemon [_thread_blocked, id=12584, stack(0x000000e969600000,0x000000e969700000)]
  0x000002751d8a9560 JavaThread "Cache worker for checksums cache (D:\React-native\Ross\android\.gradle\8.0.1\checksums)" [_thread_blocked, id=11492, stack(0x000000e969700000,0x000000e969800000)]
  0x000002751d8a6a10 JavaThread "Cache worker for cache directory md-rule (C:\Users\Dell\.gradle\caches\8.0.1\md-rule)" [_thread_blocked, id=18292, stack(0x000000e969800000,0x000000e969900000)]
  0x000002751ecdbe40 JavaThread "Cache worker for file content cache (C:\Users\Dell\.gradle\caches\8.0.1\fileContent)" [_thread_blocked, id=15648, stack(0x000000e969a00000,0x000000e969b00000)]
  0x000002751ecdc310 JavaThread "Cache worker for file hash cache (D:\React-native\Ross\android\.gradle\8.0.1\fileHashes)" [_thread_blocked, id=2656, stack(0x000000e969b00000,0x000000e969c00000)]
  0x000002751ecdab00 JavaThread "Cache worker for cache directory md-supplier (C:\Users\Dell\.gradle\caches\8.0.1\md-supplier)" [_thread_blocked, id=15804, stack(0x000000e969c00000,0x000000e969d00000)]
  0x000002751ecd7140 JavaThread "Cache worker for execution history cache (C:\Users\Dell\.gradle\caches\8.0.1\executionHistory)" [_thread_blocked, id=15588, stack(0x000000e969d00000,0x000000e969e00000)]
  0x000002751ecd7fb0 JavaThread "jar transforms" [_thread_blocked, id=5748, stack(0x000000e967000000,0x000000e967100000)]
  0x000002751ecd4f90 JavaThread "jar transforms Thread 2" [_thread_blocked, id=14988, stack(0x000000e969e00000,0x000000e969f00000)]
  0x000002751ecd6c70 JavaThread "jar transforms Thread 3" [_thread_blocked, id=9236, stack(0x000000e969f00000,0x000000e96a000000)]
  0x000002751ecd8e20 JavaThread "jar transforms Thread 4" [_thread_blocked, id=16452, stack(0x000000e96a000000,0x000000e96a100000)]

Other Threads:
  0x000002757e90fa60 VMThread "VM Thread" [stack: 0x000000e967800000,0x000000e967900000] [id=16068]
  0x000002751cc9c6f0 WatcherThread "VM Periodic Task Thread" [stack: 0x000000e968400000,0x000000e968500000] [id=16612]
  0x0000027579838d80 WorkerThread "GC Thread#0" [stack: 0x000000e967300000,0x000000e967400000] [id=14668]
  0x000002751cf9b430 WorkerThread "GC Thread#1" [stack: 0x000000e968500000,0x000000e968600000] [id=18932]
  0x000002751cee6ce0 WorkerThread "GC Thread#2" [stack: 0x000000e968600000,0x000000e968700000] [id=16244]
  0x000002751cc38a40 WorkerThread "GC Thread#3" [stack: 0x000000e968700000,0x000000e968800000] [id=16172]
  0x000002757984abd0 ConcurrentGCThread "G1 Main Marker" [stack: 0x000000e967400000,0x000000e967500000] [id=15952]
  0x000002757984b4d0 WorkerThread "G1 Conc#0" [stack: 0x000000e967500000,0x000000e967600000] [id=15468]
  0x000002757988a7a0 ConcurrentGCThread "G1 Refine#0" [stack: 0x000000e967600000,0x000000e967700000] [id=18028]
  0x000002751ee69570 ConcurrentGCThread "G1 Refine#1" [stack: 0x000000e969900000,0x000000e969a00000] [id=16880]
  0x000002757988afd0 ConcurrentGCThread "G1 Service" [stack: 0x000000e967700000,0x000000e967800000] [id=16872]

Threads with active compile tasks:
C2 CompilerThread0    50392 4311       4       org.gradle.internal.logging.text.AbstractLineChoppingStyledTextOutput::doAppend (43 bytes)
C1 CompilerThread0    50392 4315   !   3       org.gradle.internal.dispatch.ReflectionDispatch::dispatch (42 bytes)

VM state: not at safepoint (normal execution)

VM Mutex/Monitor currently owned by a thread: None

Heap address: 0x0000000080000000, size: 2048 MB, Compressed Oops mode: 32-bit

CDS archive(s) mapped at: [0x0000000800000000-0x0000000800ba0000-0x0000000800ba0000), size 12189696, SharedBaseAddress: 0x0000000800000000, ArchiveRelocationMode: 0.
Compressed class space mapped at: 0x0000000800c00000-0x000000081a800000, reserved size: 432013312
Narrow klass base: 0x0000000800000000, Narrow klass shift: 0, Narrow klass range: 0x100000000

GC Precious Log:
 CardTable entry size: 512
 Card Set container configuration: InlinePtr #cards 5 size 8 Array Of Cards #cards 12 size 40 Howl #buckets 4 coarsen threshold 1843 Howl Bitmap #cards 512 size 80 coarsen threshold 460 Card regions per heap region 1 cards per card region 2048
 CPUs: 4 total, 4 available
 Memory: 8087M
 Large Page Support: Disabled
 NUMA Support: Disabled
 Compressed Oops: Enabled (32-bit)
 Heap Region Size: 1M
 Heap Min Capacity: 8M
 Heap Initial Capacity: 128M
 Heap Max Capacity: 2G
 Pre-touch: Disabled
 Parallel Workers: 4
 Concurrent Workers: 1
 Concurrent Refinement Workers: 4
 Periodic GC: Disabled

Heap:
 garbage-first heap   total 81920K, used 48424K [0x0000000080000000, 0x0000000100000000)
  region size 1024K, 23 young (23552K), 4 survivors (4096K)
 Metaspace       used 34188K, committed 35392K, reserved 487424K
  class space    used 4747K, committed 5376K, reserved 421888K

Heap Regions: E=young(eden), S=young(survivor), O=old, HS=humongous(starts), HC=humongous(continues), CS=collection set, F=free, OA=open archive, CA=closed archive, TAMS=top-at-mark-start (previous, next)
|   0|0x0000000080000000, 0x0000000080100000, 0x0000000080100000|100%| O|  |TAMS 0x0000000080100000, 0x0000000080000000| Untracked 
|   1|0x0000000080100000, 0x0000000080200000, 0x0000000080200000|100%| O|  |TAMS 0x0000000080200000, 0x0000000080100000| Untracked 
|   2|0x0000000080200000, 0x0000000080300000, 0x0000000080300000|100%| O|  |TAMS 0x0000000080300000, 0x0000000080200000| Untracked 
|   3|0x0000000080300000, 0x0000000080400000, 0x0000000080400000|100%|HS|  |TAMS 0x0000000080400000, 0x0000000080300000| Complete 
|   4|0x0000000080400000, 0x0000000080500000, 0x0000000080500000|100%|HC|  |TAMS 0x0000000080500000, 0x0000000080400000| Complete 
|   5|0x0000000080500000, 0x0000000080600000, 0x0000000080600000|100%|HC|  |TAMS 0x0000000080600000, 0x0000000080500000| Complete 
|   6|0x0000000080600000, 0x0000000080700000, 0x0000000080700000|100%|HC|  |TAMS 0x0000000080700000, 0x0000000080600000| Complete 
|   7|0x0000000080700000, 0x0000000080800000, 0x0000000080800000|100%| O|  |TAMS 0x0000000080800000, 0x0000000080700000| Untracked 
|   8|0x0000000080800000, 0x0000000080900000, 0x0000000080900000|100%| O|  |TAMS 0x0000000080900000, 0x0000000080800000| Untracked 
|   9|0x0000000080900000, 0x0000000080a00000, 0x0000000080a00000|100%| O|  |TAMS 0x0000000080900000, 0x0000000080900000| Untracked 
|  10|0x0000000080a00000, 0x0000000080b00000, 0x0000000080b00000|100%| O|  |TAMS 0x0000000080b00000, 0x0000000080a00000| Untracked 
|  11|0x0000000080b00000, 0x0000000080c00000, 0x0000000080c00000|100%| O|  |TAMS 0x0000000080b2fc00, 0x0000000080b00000| Untracked 
|  12|0x0000000080c00000, 0x0000000080d00000, 0x0000000080d00000|100%| O|  |TAMS 0x0000000080c00000, 0x0000000080c00000| Untracked 
|  13|0x0000000080d00000, 0x0000000080e00000, 0x0000000080e00000|100%| O|  |TAMS 0x0000000080d00000, 0x0000000080d00000| Untracked 
|  14|0x0000000080e00000, 0x0000000080f00000, 0x0000000080f00000|100%| O|  |TAMS 0x0000000080e00000, 0x0000000080e00000| Untracked 
|  15|0x0000000080f00000, 0x0000000081000000, 0x0000000081000000|100%| O|  |TAMS 0x0000000080f00000, 0x0000000080f00000| Untracked 
|  16|0x0000000081000000, 0x0000000081100000, 0x0000000081100000|100%| O|  |TAMS 0x0000000081000000, 0x0000000081000000| Untracked 
|  17|0x0000000081100000, 0x0000000081200000, 0x0000000081200000|100%| O|  |TAMS 0x0000000081100000, 0x0000000081100000| Untracked 
|  18|0x0000000081200000, 0x0000000081300000, 0x0000000081300000|100%| O|  |TAMS 0x0000000081200000, 0x0000000081200000| Untracked 
|  19|0x0000000081300000, 0x0000000081400000, 0x0000000081400000|100%| O|  |TAMS 0x0000000081300000, 0x0000000081300000| Untracked 
|  20|0x0000000081400000, 0x0000000081498c00, 0x0000000081500000| 59%| O|  |TAMS 0x0000000081400000, 0x0000000081400000| Untracked 
|  21|0x0000000081500000, 0x0000000081500000, 0x0000000081600000|  0%| F|  |TAMS 0x0000000081500000, 0x0000000081500000| Untracked 
|  22|0x0000000081600000, 0x0000000081600000, 0x0000000081700000|  0%| F|  |TAMS 0x0000000081600000, 0x0000000081600000| Untracked 
|  23|0x0000000081700000, 0x0000000081700000, 0x0000000081800000|  0%| F|  |TAMS 0x0000000081700000, 0x0000000081700000| Untracked 
|  24|0x0000000081800000, 0x0000000081900000, 0x0000000081900000|100%| O|  |TAMS 0x0000000081800000, 0x0000000081800000| Untracked 
|  25|0x0000000081900000, 0x0000000081a00000, 0x0000000081a00000|100%| O|  |TAMS 0x0000000081900000, 0x0000000081900000| Untracked 
|  26|0x0000000081a00000, 0x0000000081a00000, 0x0000000081b00000|  0%| F|  |TAMS 0x0000000081a00000, 0x0000000081a00000| Untracked 
|  27|0x0000000081b00000, 0x0000000081b00000, 0x0000000081c00000|  0%| F|  |TAMS 0x0000000081b00000, 0x0000000081b00000| Untracked 
|  28|0x0000000081c00000, 0x0000000081c00000, 0x0000000081d00000|  0%| F|  |TAMS 0x0000000081c00000, 0x0000000081c00000| Untracked 
|  29|0x0000000081d00000, 0x0000000081d00000, 0x0000000081e00000|  0%| F|  |TAMS 0x0000000081d00000, 0x0000000081d00000| Untracked 
|  30|0x0000000081e00000, 0x0000000081e00000, 0x0000000081f00000|  0%| F|  |TAMS 0x0000000081e00000, 0x0000000081e00000| Untracked 
|  31|0x0000000081f00000, 0x0000000081f00000, 0x0000000082000000|  0%| F|  |TAMS 0x0000000081f00000, 0x0000000081f00000| Untracked 
|  32|0x0000000082000000, 0x0000000082100000, 0x0000000082100000|100%| O|  |TAMS 0x0000000082000000, 0x0000000082000000| Untracked 
|  33|0x0000000082100000, 0x0000000082200000, 0x0000000082200000|100%| O|  |TAMS 0x0000000082100000, 0x0000000082100000| Untracked 
|  34|0x0000000082200000, 0x0000000082300000, 0x0000000082300000|100%| O|  |TAMS 0x0000000082200000, 0x0000000082200000| Untracked 
|  35|0x0000000082300000, 0x000000008233b600, 0x0000000082400000| 23%| O|  |TAMS 0x0000000082300000, 0x0000000082300000| Untracked 
|  36|0x0000000082400000, 0x0000000082400000, 0x0000000082500000|  0%| F|  |TAMS 0x0000000082400000, 0x0000000082400000| Untracked 
|  37|0x0000000082500000, 0x0000000082500000, 0x0000000082600000|  0%| F|  |TAMS 0x0000000082500000, 0x0000000082500000| Untracked 
|  38|0x0000000082600000, 0x0000000082600000, 0x0000000082700000|  0%| F|  |TAMS 0x0000000082600000, 0x0000000082600000| Untracked 
|  39|0x0000000082700000, 0x0000000082700000, 0x0000000082800000|  0%| F|  |TAMS 0x0000000082700000, 0x0000000082700000| Untracked 
|  40|0x0000000082800000, 0x0000000082800000, 0x0000000082900000|  0%| F|  |TAMS 0x0000000082800000, 0x0000000082800000| Untracked 
|  41|0x0000000082900000, 0x0000000082900000, 0x0000000082a00000|  0%| F|  |TAMS 0x0000000082900000, 0x0000000082900000| Untracked 
|  42|0x0000000082a00000, 0x0000000082a00000, 0x0000000082b00000|  0%| F|  |TAMS 0x0000000082a00000, 0x0000000082a00000| Untracked 
|  43|0x0000000082b00000, 0x0000000082b75f80, 0x0000000082c00000| 46%| S|CS|TAMS 0x0000000082b00000, 0x0000000082b00000| Complete 
|  44|0x0000000082c00000, 0x0000000082d00000, 0x0000000082d00000|100%| S|CS|TAMS 0x0000000082c00000, 0x0000000082c00000| Complete 
|  45|0x0000000082d00000, 0x0000000082e00000, 0x0000000082e00000|100%| S|CS|TAMS 0x0000000082d00000, 0x0000000082d00000| Complete 
|  46|0x0000000082e00000, 0x0000000082f00000, 0x0000000082f00000|100%| S|CS|TAMS 0x0000000082e00000, 0x0000000082e00000| Complete 
|  47|0x0000000082f00000, 0x0000000082f00000, 0x0000000083000000|  0%| F|  |TAMS 0x0000000082f00000, 0x0000000082f00000| Untracked 
|  48|0x0000000083000000, 0x0000000083000000, 0x0000000083100000|  0%| F|  |TAMS 0x0000000083000000, 0x0000000083000000| Untracked 
|  49|0x0000000083100000, 0x0000000083100000, 0x0000000083200000|  0%| F|  |TAMS 0x0000000083100000, 0x0000000083100000| Untracked 
|  50|0x0000000083200000, 0x0000000083200000, 0x0000000083300000|  0%| F|  |TAMS 0x0000000083200000, 0x0000000083200000| Untracked 
|  51|0x0000000083300000, 0x0000000083300000, 0x0000000083400000|  0%| F|  |TAMS 0x0000000083300000, 0x0000000083300000| Untracked 
|  52|0x0000000083400000, 0x0000000083400000, 0x0000000083500000|  0%| F|  |TAMS 0x0000000083400000, 0x0000000083400000| Untracked 
|  53|0x0000000083500000, 0x0000000083500000, 0x0000000083600000|  0%| F|  |TAMS 0x0000000083500000, 0x0000000083500000| Untracked 
|  54|0x0000000083600000, 0x0000000083600000, 0x0000000083700000|  0%| F|  |TAMS 0x0000000083600000, 0x0000000083600000| Untracked 
|  55|0x0000000083700000, 0x0000000083700000, 0x0000000083800000|  0%| F|  |TAMS 0x0000000083700000, 0x0000000083700000| Untracked 
|  56|0x0000000083800000, 0x0000000083800000, 0x0000000083900000|  0%| F|  |TAMS 0x0000000083800000, 0x0000000083800000| Untracked 
|  57|0x0000000083900000, 0x0000000083900000, 0x0000000083a00000|  0%| F|  |TAMS 0x0000000083900000, 0x0000000083900000| Untracked 
|  58|0x0000000083a00000, 0x0000000083a00000, 0x0000000083b00000|  0%| F|  |TAMS 0x0000000083a00000, 0x0000000083a00000| Untracked 
|  59|0x0000000083b00000, 0x0000000083b00000, 0x0000000083c00000|  0%| F|  |TAMS 0x0000000083b00000, 0x0000000083b00000| Untracked 
|  60|0x0000000083c00000, 0x0000000083c00000, 0x0000000083d00000|  0%| F|  |TAMS 0x0000000083c00000, 0x0000000083c00000| Untracked 
|  61|0x0000000083d00000, 0x0000000083e00000, 0x0000000083e00000|100%| E|  |TAMS 0x0000000083d00000, 0x0000000083d00000| Complete 
|  62|0x0000000083e00000, 0x0000000083f00000, 0x0000000083f00000|100%| E|CS|TAMS 0x0000000083e00000, 0x0000000083e00000| Complete 
|  63|0x0000000083f00000, 0x0000000084000000, 0x0000000084000000|100%| E|CS|TAMS 0x0000000083f00000, 0x0000000083f00000| Complete 
|  64|0x0000000084000000, 0x0000000084100000, 0x0000000084100000|100%| E|CS|TAMS 0x0000000084000000, 0x0000000084000000| Complete 
|  65|0x0000000084100000, 0x0000000084200000, 0x0000000084200000|100%| E|CS|TAMS 0x0000000084100000, 0x0000000084100000| Complete 
|  66|0x0000000084200000, 0x0000000084300000, 0x0000000084300000|100%| E|CS|TAMS 0x0000000084200000, 0x0000000084200000| Complete 
|  67|0x0000000084300000, 0x0000000084400000, 0x0000000084400000|100%| E|CS|TAMS 0x0000000084300000, 0x0000000084300000| Complete 
|  68|0x0000000084400000, 0x0000000084500000, 0x0000000084500000|100%| E|CS|TAMS 0x0000000084400000, 0x0000000084400000| Complete 
|  69|0x0000000084500000, 0x0000000084600000, 0x0000000084600000|100%| E|CS|TAMS 0x0000000084500000, 0x0000000084500000| Complete 
|  70|0x0000000084600000, 0x0000000084700000, 0x0000000084700000|100%| E|CS|TAMS 0x0000000084600000, 0x0000000084600000| Complete 
|  71|0x0000000084700000, 0x0000000084800000, 0x0000000084800000|100%| E|CS|TAMS 0x0000000084700000, 0x0000000084700000| Complete 
|  72|0x0000000084800000, 0x0000000084900000, 0x0000000084900000|100%| E|CS|TAMS 0x0000000084800000, 0x0000000084800000| Complete 
|  73|0x0000000084900000, 0x0000000084a00000, 0x0000000084a00000|100%| E|CS|TAMS 0x0000000084900000, 0x0000000084900000| Complete 
|  74|0x0000000084a00000, 0x0000000084b00000, 0x0000000084b00000|100%| E|CS|TAMS 0x0000000084a00000, 0x0000000084a00000| Complete 
|  75|0x0000000084b00000, 0x0000000084c00000, 0x0000000084c00000|100%| E|CS|TAMS 0x0000000084b00000, 0x0000000084b00000| Complete 
|  76|0x0000000084c00000, 0x0000000084d00000, 0x0000000084d00000|100%| E|CS|TAMS 0x0000000084c00000, 0x0000000084c00000| Complete 
| 103|0x0000000086700000, 0x0000000086800000, 0x0000000086800000|100%| E|CS|TAMS 0x0000000086700000, 0x0000000086700000| Complete 
| 104|0x0000000086800000, 0x0000000086900000, 0x0000000086900000|100%| E|CS|TAMS 0x0000000086800000, 0x0000000086800000| Complete 
| 127|0x0000000087f00000, 0x0000000088000000, 0x0000000088000000|100%| E|CS|TAMS 0x0000000087f00000, 0x0000000087f00000| Complete 

Card table byte_map: [0x0000027579ca0000,0x000002757a0a0000] _byte_map_base: 0x00000275798a0000

Marking Bits (Prev, Next): (CMBitMap*) 0x000002757983a2e0, (CMBitMap*) 0x000002757983a2a0
 Prev Bits: [0x000002757c4a0000, 0x000002757e4a0000)
 Next Bits: [0x000002757a4a0000, 0x000002757c4a0000)

Polling page: 0x00000275775a0000

Metaspace:

Usage:
  Non-class:     28.75 MB used.
      Class:      4.64 MB used.
       Both:     33.39 MB used.

Virtual space:
  Non-class space:       64.00 MB reserved,      29.31 MB ( 46%) committed,  1 nodes.
      Class space:      412.00 MB reserved,       5.25 MB (  1%) committed,  1 nodes.
             Both:      476.00 MB reserved,      34.56 MB (  7%) committed. 

Chunk freelists:
   Non-Class:  2.12 MB
       Class:  2.67 MB
        Both:  4.79 MB

MaxMetaspaceSize: 512.00 MB
CompressedClassSpaceSize: 412.00 MB
Initial GC threshold: 21.00 MB
Current GC threshold: 35.25 MB
CDS: on
MetaspaceReclaimPolicy: balanced
 - commit_granule_bytes: 65536.
 - commit_granule_words: 8192.
 - virtual_space_node_default_size: 8388608.
 - enlarge_chunks_in_place: 1.
 - new_chunks_are_fully_committed: 0.
 - uncommit_free_chunks: 1.
 - use_allocation_guard: 0.


Internal statistics:

num_allocs_failed_limit: 3.
num_arena_births: 2106.
num_arena_deaths: 0.
num_vsnodes_births: 2.
num_vsnodes_deaths: 0.
num_space_committed: 553.
num_space_uncommitted: 0.
num_chunks_returned_to_freelist: 3.
num_chunks_taken_from_freelist: 3573.
num_chunk_merges: 3.
num_chunk_splits: 2350.
num_chunks_enlarged: 1473.
num_inconsistent_stats: 0.

CodeHeap 'non-profiled nmethods': size=120000Kb used=2260Kb max_used=2260Kb free=117739Kb
 bounds [0x000002750f340000, 0x000002750f5b0000, 0x0000027516870000]
CodeHeap 'profiled nmethods': size=120000Kb used=8953Kb max_used=8953Kb free=111046Kb
 bounds [0x0000027507e10000, 0x00000275086d0000, 0x000002750f340000]
CodeHeap 'non-nmethods': size=5760Kb used=2294Kb max_used=2322Kb free=3465Kb
 bounds [0x0000027507870000, 0x0000027507ae0000, 0x0000027507e10000]
 total_blobs=5106 nmethods=4315 adapters=703
 compilation: enabled
              stopped_count=0, restarted_count=0
 full_count=0

Compilation events (20 events):
Event: 50.102 Thread 0x000002757e932f30 4303       1       org.gradle.cache.internal.filelock.FileLockOutcome$3::isLockWasAcquired (2 bytes)
Event: 50.102 Thread 0x000002757e932f30 nmethod 4303 0x000002750f573290 code [0x000002750f573420, 0x000002750f5734f8]
Event: 50.103 Thread 0x000002757e932f30 4304       1       java.nio.channels.FileLock::position (5 bytes)
Event: 50.103 Thread 0x000002757e932f30 nmethod 4304 0x000002750f573590 code [0x000002750f573720, 0x000002750f5737f8]
Event: 50.103 Thread 0x000002757e932f30 4305       1       java.nio.channels.FileLock::size (5 bytes)
Event: 50.103 Thread 0x000002757e932f30 nmethod 4305 0x000002750f573890 code [0x000002750f573a20, 0x000002750f573af8]
Event: 50.117 Thread 0x000002757e932f30 4306       3       java.util.HashMap::afterNodeRemoval (1 bytes)
Event: 50.118 Thread 0x000002757e932f30 nmethod 4306 0x00000275086cb090 code [0x00000275086cb220, 0x00000275086cb338]
Event: 50.129 Thread 0x000002757e932f30 4309       3       java.lang.invoke.BoundMethodHandle$Species_LLLL::make (16 bytes)
Event: 50.130 Thread 0x000002757e932f30 nmethod 4309 0x00000275086cb410 code [0x00000275086cb5c0, 0x00000275086cb968]
Event: 50.209 Thread 0x000002757e932640 4310       4       org.gradle.internal.logging.text.AbstractLineChoppingStyledTextOutput$StateContext::hasChar (25 bytes)
Event: 50.209 Thread 0x000002757e932640 nmethod 4310 0x000002750f574190 code [0x000002750f574300, 0x000002750f5743b8]
Event: 50.210 Thread 0x000002757e932640 4311       4       org.gradle.internal.logging.text.AbstractLineChoppingStyledTextOutput::doAppend (43 bytes)
Event: 50.227 Thread 0x000002757e932f30 4312       3       org.gradle.internal.logging.text.AbstractLineChoppingStyledTextOutput$StateContext::flushLineText (113 bytes)
Event: 50.228 Thread 0x000002757e932f30 nmethod 4312 0x00000275086cba90 code [0x00000275086cbd20, 0x00000275086cc728]
Event: 50.229 Thread 0x000002757e932f30 4313       3       java.lang.invoke.DirectMethodHandle$Interface::checkReceiver (52 bytes)
Event: 50.230 Thread 0x000002757e932f30 nmethod 4313 0x00000275086ccb10 code [0x00000275086ccdc0, 0x00000275086cdcf8]
Event: 50.230 Thread 0x000002757e932f30 4314       3       org.gradle.internal.dispatch.ReflectionDispatch::dispatch (9 bytes)
Event: 50.230 Thread 0x000002757e932f30 nmethod 4314 0x00000275086ce210 code [0x00000275086ce3c0, 0x00000275086ce608]
Event: 50.230 Thread 0x000002757e932f30 4315   !   3       org.gradle.internal.dispatch.ReflectionDispatch::dispatch (42 bytes)

GC Heap History (14 events):
Event: 4.672 GC heap before
{Heap before GC invocations=0 (full 0):
 garbage-first heap   total 131072K, used 13312K [0x0000000080000000, 0x0000000100000000)
  region size 1024K, 13 young (13312K), 0 survivors (0K)
 Metaspace       used 910K, committed 1088K, reserved 487424K
  class space    used 68K, committed 128K, reserved 421888K
}
Event: 4.688 GC heap after
{Heap after GC invocations=1 (full 0):
 garbage-first heap   total 131072K, used 4173K [0x0000000080000000, 0x0000000100000000)
  region size 1024K, 2 young (2048K), 2 survivors (2048K)
 Metaspace       used 910K, committed 1088K, reserved 487424K
  class space    used 68K, committed 128K, reserved 421888K
}
Event: 8.499 GC heap before
{Heap before GC invocations=1 (full 0):
 garbage-first heap   total 131072K, used 23629K [0x0000000080000000, 0x0000000100000000)
  region size 1024K, 17 young (17408K), 2 survivors (2048K)
 Metaspace       used 3877K, committed 4096K, reserved 487424K
  class space    used 474K, committed 576K, reserved 421888K
}
Event: 8.503 GC heap after
{Heap after GC invocations=2 (full 0):
 garbage-first heap   total 131072K, used 10445K [0x0000000080000000, 0x0000000100000000)
  region size 1024K, 3 young (3072K), 3 survivors (3072K)
 Metaspace       used 3877K, committed 4096K, reserved 487424K
  class space    used 474K, committed 576K, reserved 421888K
}
Event: 12.221 GC heap before
{Heap before GC invocations=2 (full 0):
 garbage-first heap   total 131072K, used 32973K [0x0000000080000000, 0x0000000100000000)
  region size 1024K, 25 young (25600K), 3 survivors (3072K)
 Metaspace       used 4009K, committed 4224K, reserved 487424K
  class space    used 476K, committed 576K, reserved 421888K
}
Event: 12.226 GC heap after
{Heap after GC invocations=3 (full 0):
 garbage-first heap   total 131072K, used 14452K [0x0000000080000000, 0x0000000100000000)
  region size 1024K, 4 young (4096K), 4 survivors (4096K)
 Metaspace       used 4009K, committed 4224K, reserved 487424K
  class space    used 476K, committed 576K, reserved 421888K
}
Event: 25.230 GC heap before
{Heap before GC invocations=3 (full 0):
 garbage-first heap   total 131072K, used 88180K [0x0000000080000000, 0x0000000100000000)
  region size 1024K, 76 young (77824K), 4 survivors (4096K)
 Metaspace       used 17674K, committed 18240K, reserved 487424K
  class space    used 2539K, committed 2816K, reserved 421888K
}
Event: 25.243 GC heap after
{Heap after GC invocations=4 (full 0):
 garbage-first heap   total 131072K, used 20671K [0x0000000080000000, 0x0000000100000000)
  region size 1024K, 10 young (10240K), 10 survivors (10240K)
 Metaspace       used 17674K, committed 18240K, reserved 487424K
  class space    used 2539K, committed 2816K, reserved 421888K
}
Event: 27.065 GC heap before
{Heap before GC invocations=4 (full 0):
 garbage-first heap   total 131072K, used 43199K [0x0000000080000000, 0x0000000100000000)
  region size 1024K, 33 young (33792K), 10 survivors (10240K)
 Metaspace       used 20811K, committed 21504K, reserved 487424K
  class space    used 3055K, committed 3392K, reserved 421888K
}
Event: 27.078 GC heap after
{Heap after GC invocations=5 (full 0):
 garbage-first heap   total 131072K, used 23041K [0x0000000080000000, 0x0000000100000000)
  region size 1024K, 2 young (2048K), 2 survivors (2048K)
 Metaspace       used 20811K, committed 21504K, reserved 487424K
  class space    used 3055K, committed 3392K, reserved 421888K
}
Event: 32.019 GC heap before
{Heap before GC invocations=6 (full 0):
 garbage-first heap   total 81920K, used 69121K [0x0000000080000000, 0x0000000100000000)
  region size 1024K, 48 young (49152K), 2 survivors (2048K)
 Metaspace       used 29451K, committed 30592K, reserved 487424K
  class space    used 4224K, committed 4800K, reserved 421888K
}
Event: 32.029 GC heap after
{Heap after GC invocations=7 (full 0):
 garbage-first heap   total 81920K, used 26771K [0x0000000080000000, 0x0000000100000000)
  region size 1024K, 6 young (6144K), 6 survivors (6144K)
 Metaspace       used 29451K, committed 30592K, reserved 487424K
  class space    used 4224K, committed 4800K, reserved 421888K
}
Event: 34.919 GC heap before
{Heap before GC invocations=7 (full 0):
 garbage-first heap   total 81920K, used 63635K [0x0000000080000000, 0x0000000100000000)
  region size 1024K, 39 young (39936K), 6 survivors (6144K)
 Metaspace       used 32950K, committed 34176K, reserved 487424K
  class space    used 4555K, committed 5184K, reserved 421888K
}
Event: 34.929 GC heap after
{Heap after GC invocations=8 (full 0):
 garbage-first heap   total 81920K, used 29992K [0x0000000080000000, 0x0000000100000000)
  region size 1024K, 4 young (4096K), 4 survivors (4096K)
 Metaspace       used 32950K, committed 34176K, reserved 487424K
  class space    used 4555K, committed 5184K, reserved 421888K
}

Deoptimization events (20 events):
Event: 41.986 Thread 0x000002751d8a6ee0 Uncommon trap: trap_request=0xffffff45 fr.pc=0x000002750f5587f8 relative=0x00000000000006f8
Event: 41.986 Thread 0x000002751d8a6ee0 Uncommon trap: reason=unstable_if action=reinterpret pc=0x000002750f5587f8 method=java.io.BufferedInputStream.read([BII)I @ 56 c2
Event: 41.986 Thread 0x000002751d8a6ee0 DEOPT PACKING pc=0x000002750f5587f8 sp=0x000000e968ef86a0
Event: 41.986 Thread 0x000002751d8a6ee0 DEOPT UNPACKING pc=0x00000275078c23a3 sp=0x000000e968ef8678 mode 2
Event: 41.993 Thread 0x000002751d8a6ee0 Uncommon trap: trap_request=0xffffffde fr.pc=0x000002750f51d55c relative=0x000000000000047c
Event: 41.993 Thread 0x000002751d8a6ee0 Uncommon trap: reason=class_check action=maybe_recompile pc=0x000002750f51d55c method=java.util.regex.Pattern$Start.match(Ljava/util/regex/Matcher;ILjava/lang/CharSequence;)Z @ 44 c2
Event: 41.993 Thread 0x000002751d8a6ee0 DEOPT PACKING pc=0x000002750f51d55c sp=0x000000e968ef7e90
Event: 41.993 Thread 0x000002751d8a6ee0 DEOPT UNPACKING pc=0x00000275078c23a3 sp=0x000000e968ef7d58 mode 2
Event: 41.993 Thread 0x000002751d8a6ee0 Uncommon trap: trap_request=0xffffffde fr.pc=0x000002750f513148 relative=0x0000000000000468
Event: 41.993 Thread 0x000002751d8a6ee0 Uncommon trap: reason=class_check action=maybe_recompile pc=0x000002750f513148 method=java.util.regex.Pattern$Start.match(Ljava/util/regex/Matcher;ILjava/lang/CharSequence;)Z @ 44 c2
Event: 41.993 Thread 0x000002751d8a6ee0 DEOPT PACKING pc=0x000002750f513148 sp=0x000000e968ef7e20
Event: 41.993 Thread 0x000002751d8a6ee0 DEOPT UNPACKING pc=0x00000275078c23a3 sp=0x000000e968ef7d60 mode 2
Event: 50.021 Thread 0x000002751d8a6ee0 Uncommon trap: trap_request=0xffffff45 fr.pc=0x000002750f52b7a4 relative=0x00000000000055c4
Event: 50.021 Thread 0x000002751d8a6ee0 Uncommon trap: reason=unstable_if action=reinterpret pc=0x000002750f52b7a4 method=java.util.regex.Matcher.search(I)Z @ 76 c2
Event: 50.022 Thread 0x000002751d8a6ee0 DEOPT PACKING pc=0x000002750f52b7a4 sp=0x000000e968efc180
Event: 50.022 Thread 0x000002751d8a6ee0 DEOPT UNPACKING pc=0x00000275078c23a3 sp=0x000000e968efbfe8 mode 2
Event: 50.022 Thread 0x000002751d8a6ee0 Uncommon trap: trap_request=0xffffff45 fr.pc=0x000002750f570b34 relative=0x0000000000000834
Event: 50.022 Thread 0x000002751d8a6ee0 Uncommon trap: reason=unstable_if action=reinterpret pc=0x000002750f570b34 method=java.util.regex.Matcher.search(I)Z @ 76 c2
Event: 50.022 Thread 0x000002751d8a6ee0 DEOPT PACKING pc=0x000002750f570b34 sp=0x000000e968efbff0
Event: 50.022 Thread 0x000002751d8a6ee0 DEOPT UNPACKING pc=0x00000275078c23a3 sp=0x000000e968efbfe0 mode 2

Classes loaded (20 events):
Event: 49.901 Loading class java/lang/ExceptionCustomizer
Event: 49.901 Loading class java/lang/ExceptionCustomizer done
Event: 49.901 Loading class java/lang/ExceptionCustomizer
Event: 49.901 Loading class java/lang/ExceptionCustomizer done
Event: 49.902 Loading class java/lang/invoke/WrongMethodTypeException
Event: 49.904 Loading class java/lang/invoke/WrongMethodTypeException done
Event: 49.911 Loading class java/io/ObjectOutputStream$BlockDataOutputStream
Event: 49.913 Loading class java/io/ObjectOutputStream$BlockDataOutputStream done
Event: 49.914 Loading class java/io/ObjectOutputStream$HandleTable
Event: 49.914 Loading class java/lang/StackTraceElement$HashedModules
Event: 49.959 Loading class java/io/ObjectOutputStream$HandleTable done
Event: 49.959 Loading class java/io/ObjectOutputStream$ReplaceTable
Event: 49.996 Loading class java/io/ObjectOutputStream$ReplaceTable done
Event: 49.996 Loading class java/io/Bits
Event: 50.015 Loading class java/lang/StackTraceElement$HashedModules done
Event: 50.023 Loading class java/util/logging/LogRecord
Event: 50.025 Loading class java/util/logging/LogRecord done
Event: 50.043 Loading class java/io/Bits done
Event: 50.214 Loading class java/lang/StringIndexOutOfBoundsException
Event: 50.215 Loading class java/lang/StringIndexOutOfBoundsException done

Classes unloaded (0 events):
No events

Classes redefined (0 events):
No events

Internal exceptions (20 events):
Event: 35.977 Thread 0x000002751d8a6ee0 Exception <a 'java/lang/ClassNotFoundException'{0x00000000845b7210}: java/io/ReaderCustomizer> (0x00000000845b7210) 
thrown [s\open\src\hotspot\share\classfile\systemDictionary.cpp, line 255]
Event: 35.978 Thread 0x000002751d8a6ee0 Exception <a 'java/lang/ClassNotFoundException'{0x00000000845c2958}: java/io/InputStreamReaderCustomizer> (0x00000000845c2958) 
thrown [s\open\src\hotspot\share\classfile\systemDictionary.cpp, line 255]
Event: 35.980 Thread 0x000002751d8a6ee0 Exception <a 'java/lang/ClassNotFoundException'{0x00000000845e0a10}: java/io/BufferedReaderBeanInfo> (0x00000000845e0a10) 
thrown [s\open\src\hotspot\share\classfile\systemDictionary.cpp, line 255]
Event: 35.980 Thread 0x000002751d8a6ee0 Exception <a 'java/lang/ClassNotFoundException'{0x00000000845e62f8}: java/io/BufferedReaderCustomizer> (0x00000000845e62f8) 
thrown [s\open\src\hotspot\share\classfile\systemDictionary.cpp, line 255]
Event: 35.986 Thread 0x000002751d8a6ee0 Exception <a 'java/lang/ClassNotFoundException'{0x000000008431a390}: java/lang/StringBufferBeanInfo> (0x000000008431a390) 
thrown [s\open\src\hotspot\share\classfile\systemDictionary.cpp, line 255]
Event: 35.987 Thread 0x000002751d8a6ee0 Exception <a 'java/lang/ClassNotFoundException'{0x000000008431fcd8}: java/lang/AbstractStringBuilderBeanInfo> (0x000000008431fcd8) 
thrown [s\open\src\hotspot\share\classfile\systemDictionary.cpp, line 255]
Event: 35.987 Thread 0x000002751d8a6ee0 Exception <a 'java/lang/ClassNotFoundException'{0x0000000084325620}: java/lang/AbstractStringBuilderCustomizer> (0x0000000084325620) 
thrown [s\open\src\hotspot\share\classfile\systemDictionary.cpp, line 255]
Event: 35.997 Thread 0x000002751d8a6ee0 Exception <a 'java/lang/ClassNotFoundException'{0x00000000842100b0}: java/lang/StringBufferCustomizer> (0x00000000842100b0) 
thrown [s\open\src\hotspot\share\classfile\systemDictionary.cpp, line 255]
Event: 41.992 Thread 0x000002751d8a6ee0 Exception <a 'java/lang/ClassNotFoundException'{0x0000000084071100}: java/lang/StringBeanInfo> (0x0000000084071100) 
thrown [s\open\src\hotspot\share\classfile\systemDictionary.cpp, line 255]
Event: 41.993 Thread 0x000002751d8a6ee0 Exception <a 'java/lang/ClassNotFoundException'{0x00000000840769e0}: java/lang/StringCustomizer> (0x00000000840769e0) 
thrown [s\open\src\hotspot\share\classfile\systemDictionary.cpp, line 255]
Event: 49.882 Thread 0x000002751d8a6ee0 Exception <a 'java/lang/ClassNotFoundException'{0x00000000840f2950}: org/gradle/internal/logging/slf4j/OutputEventListenerBackedLoggerBeanInfo> (0x00000000840f2950) 
thrown [s\open\src\hotspot\share\classfile\systemDictionary.cpp, line 255]
Event: 49.883 Thread 0x000002751d8a6ee0 Exception <a 'java/lang/ClassNotFoundException'{0x0000000083f39140}: org/gradle/internal/logging/slf4j/BuildOperationAwareLoggerBeanInfo> (0x0000000083f39140) 
thrown [s\open\src\hotspot\share\classfile\systemDictionary.cpp, line 255]
Event: 49.884 Thread 0x000002751d8a6ee0 Exception <a 'java/lang/ClassNotFoundException'{0x0000000083f492d0}: org/gradle/internal/logging/slf4j/BuildOperationAwareLoggerCustomizer> (0x0000000083f492d0) 
thrown [s\open\src\hotspot\share\classfile\systemDictionary.cpp, line 255]
Event: 49.887 Thread 0x000002751d8a6ee0 Exception <a 'java/lang/ClassNotFoundException'{0x0000000083f87f88}: org/gradle/internal/logging/slf4j/OutputEventListenerBackedLoggerCustomizer> (0x0000000083f87f88) 
thrown [s\open\src\hotspot\share\classfile\systemDictionary.cpp, line 255]
Event: 49.899 Thread 0x000002751d8a6ee0 Exception <a 'java/lang/ClassNotFoundException'{0x0000000083ff2188}: java/lang/ExceptionBeanInfo> (0x0000000083ff2188) 
thrown [s\open\src\hotspot\share\classfile\systemDictionary.cpp, line 255]
Event: 49.899 Thread 0x000002751d8a6ee0 Exception <a 'java/lang/ClassNotFoundException'{0x0000000083ff7aa0}: java/lang/ThrowableBeanInfo> (0x0000000083ff7aa0) 
thrown [s\open\src\hotspot\share\classfile\systemDictionary.cpp, line 255]
Event: 49.900 Thread 0x000002751d8a6ee0 Exception <a 'java/lang/ClassNotFoundException'{0x0000000083ffd388}: java/lang/ThrowableCustomizer> (0x0000000083ffd388) 
thrown [s\open\src\hotspot\share\classfile\systemDictionary.cpp, line 255]
Event: 49.901 Thread 0x000002751d8a6ee0 Exception <a 'java/lang/ClassNotFoundException'{0x0000000083e0b5e0}: java/lang/ExceptionCustomizer> (0x0000000083e0b5e0) 
thrown [s\open\src\hotspot\share\classfile\systemDictionary.cpp, line 255]
Event: 50.120 Thread 0x000002751d8a6ee0 Exception <a 'java/lang/IncompatibleClassChangeError'{0x0000000083e6b5d8}: Found class java.lang.Object, but interface was expected> (0x0000000083e6b5d8) 
thrown [s\open\src\hotspot\share\interpreter\linkResolver.cpp, line 826]
Event: 50.122 Thread 0x000002751d8a6ee0 Exception <a 'java/lang/NoSuchMethodError'{0x0000000083e6fce8}: 'void java.lang.invoke.DelegatingMethodHandle$Holder.reinvoke_L(java.lang.Object, java.lang.Object, java.lang.Object, int)'> (0x0000000083e6fce8) 
thrown [s\open\src\hotspot\share\interpreter\linkResolver.cpp, line 759]

VM Operations (20 events):
Event: 34.918 Executing VM operation: G1CollectForAllocation
Event: 34.929 Executing VM operation: G1CollectForAllocation done
Event: 35.933 Executing VM operation: Cleanup
Event: 35.964 Executing VM operation: Cleanup done
Event: 36.978 Executing VM operation: Cleanup
Event: 36.978 Executing VM operation: Cleanup done
Event: 39.006 Executing VM operation: Cleanup
Event: 39.006 Executing VM operation: Cleanup done
Event: 41.022 Executing VM operation: Cleanup
Event: 41.022 Executing VM operation: Cleanup done
Event: 41.996 Executing VM operation: HandshakeAllThreads
Event: 41.996 Executing VM operation: HandshakeAllThreads done
Event: 43.003 Executing VM operation: Cleanup
Event: 43.003 Executing VM operation: Cleanup done
Event: 49.058 Executing VM operation: Cleanup
Event: 49.058 Executing VM operation: Cleanup done
Event: 50.068 Executing VM operation: Cleanup
Event: 50.068 Executing VM operation: Cleanup done
Event: 50.205 Executing VM operation: HandshakeAllThreads
Event: 50.205 Executing VM operation: HandshakeAllThreads done

Events (20 events):
Event: 18.373 Thread 0x000002751dd90000 Thread added: 0x000002751dd90000
Event: 18.385 Thread 0x000002751d8a6ee0 Thread added: 0x000002751d8a6ee0
Event: 18.451 Thread 0x000002751d8a86f0 Thread added: 0x000002751d8a86f0
Event: 18.457 Thread 0x000002751d8a7d50 Thread added: 0x000002751d8a7d50
Event: 18.469 Thread 0x000002751d8a6070 Thread added: 0x000002751d8a6070
Event: 20.678 Thread 0x000002751d8a7880 Thread added: 0x000002751d8a7880
Event: 20.809 Thread 0x000002751d8a6540 Thread added: 0x000002751d8a6540
Event: 22.547 Thread 0x000002751d8a73b0 Thread added: 0x000002751d8a73b0
Event: 26.167 Thread 0x000002751d8a8220 Thread added: 0x000002751d8a8220
Event: 26.207 Thread 0x000002751d8a9a30 Thread added: 0x000002751d8a9a30
Event: 26.892 Thread 0x000002751d8a9560 Thread added: 0x000002751d8a9560
Event: 27.026 Thread 0x000002751d8a6a10 Thread added: 0x000002751d8a6a10
Event: 27.181 Thread 0x000002751ecdbe40 Thread added: 0x000002751ecdbe40
Event: 27.577 Thread 0x000002751ecdc310 Thread added: 0x000002751ecdc310
Event: 27.789 Thread 0x000002751ecdab00 Thread added: 0x000002751ecdab00
Event: 28.431 Thread 0x000002751ecd7140 Thread added: 0x000002751ecd7140
Event: 33.892 Thread 0x000002751ecd7fb0 Thread added: 0x000002751ecd7fb0
Event: 34.150 Thread 0x000002751ecd4f90 Thread added: 0x000002751ecd4f90
Event: 35.105 Thread 0x000002751ecd6c70 Thread added: 0x000002751ecd6c70
Event: 35.213 Thread 0x000002751ecd8e20 Thread added: 0x000002751ecd8e20


Dynamic libraries:
0x00007ff7d83b0000 - 0x00007ff7d83c0000 	C:\Program Files\Java\jdk-18.0.2.1\bin\java.exe
0x00007ffde0dd0000 - 0x00007ffde0fc8000 	C:\Windows\SYSTEM32\ntdll.dll
0x00007ffddfc00000 - 0x00007ffddfcbd000 	C:\Windows\System32\KERNEL32.DLL
0x00007ffdde6b0000 - 0x00007ffdde9a6000 	C:\Windows\System32\KERNELBASE.dll
0x00007ffdde510000 - 0x00007ffdde610000 	C:\Windows\System32\ucrtbase.dll
0x00007ffdd65d0000 - 0x00007ffdd65ea000 	C:\Program Files\Java\jdk-18.0.2.1\bin\VCRUNTIME140.dll
0x00007ffdb8a80000 - 0x00007ffdb8a98000 	C:\Program Files\Java\jdk-18.0.2.1\bin\jli.dll
0x00007ffddff90000 - 0x00007ffde0040000 	C:\Windows\System32\ADVAPI32.dll
0x00007ffde0040000 - 0x00007ffde00de000 	C:\Windows\System32\msvcrt.dll
0x00007ffddf010000 - 0x00007ffddf0b0000 	C:\Windows\System32\sechost.dll
0x00007ffddfe60000 - 0x00007ffddff83000 	C:\Windows\System32\RPCRT4.dll
0x00007ffddeda0000 - 0x00007ffddedc7000 	C:\Windows\System32\bcrypt.dll
0x00007ffde0190000 - 0x00007ffde032f000 	C:\Windows\System32\USER32.dll
0x00007ffddedd0000 - 0x00007ffddedf2000 	C:\Windows\System32\win32u.dll
0x00007ffddf0b0000 - 0x00007ffddf0db000 	C:\Windows\System32\GDI32.dll
0x00007ffddead0000 - 0x00007ffddebe7000 	C:\Windows\System32\gdi32full.dll
0x00007ffdde610000 - 0x00007ffdde6ad000 	C:\Windows\System32\msvcp_win.dll
0x00007ffdd36f0000 - 0x00007ffdd398a000 	C:\Windows\WinSxS\amd64_microsoft.windows.common-controls_6595b64144ccf1df_6.0.19041.4355_none_60b8b9eb71f62e16\COMCTL32.dll
0x00007ffdd6120000 - 0x00007ffdd612a000 	C:\Windows\SYSTEM32\VERSION.dll
0x00007ffde0850000 - 0x00007ffde0882000 	C:\Windows\System32\IMM32.DLL
0x00007ffdd77c0000 - 0x00007ffdd77cc000 	C:\Program Files\Java\jdk-18.0.2.1\bin\vcruntime140_1.dll
0x00007ffdae890000 - 0x00007ffdae91d000 	C:\Program Files\Java\jdk-18.0.2.1\bin\msvcp140.dll
0x00007ffd6e3e0000 - 0x00007ffd6eff1000 	C:\Program Files\Java\jdk-18.0.2.1\bin\server\jvm.dll
0x00007ffde0890000 - 0x00007ffde0898000 	C:\Windows\System32\PSAPI.DLL
0x00007ffdd19b0000 - 0x00007ffdd19b9000 	C:\Windows\SYSTEM32\WSOCK32.dll
0x00007ffddfdf0000 - 0x00007ffddfe5b000 	C:\Windows\System32\WS2_32.dll
0x00007ffdd3b50000 - 0x00007ffdd3b77000 	C:\Windows\SYSTEM32\WINMM.dll
0x00007ffddcce0000 - 0x00007ffddccf2000 	C:\Windows\SYSTEM32\kernel.appcore.dll
0x00007ffdd6fe0000 - 0x00007ffdd6fea000 	C:\Program Files\Java\jdk-18.0.2.1\bin\jimage.dll
0x00007ffddc9a0000 - 0x00007ffddcb84000 	C:\Windows\SYSTEM32\DBGHELP.DLL
0x00007ffdd6e60000 - 0x00007ffdd6e94000 	C:\Windows\SYSTEM32\dbgcore.DLL
0x00007ffdde480000 - 0x00007ffdde502000 	C:\Windows\System32\bcryptPrimitives.dll
0x00007ffdb6d30000 - 0x00007ffdb6d55000 	C:\Program Files\Java\jdk-18.0.2.1\bin\java.dll
0x00007ffdae7b0000 - 0x00007ffdae886000 	C:\Program Files\Java\jdk-18.0.2.1\bin\jsvml.dll
0x00007ffddf0e0000 - 0x00007ffddf84b000 	C:\Windows\System32\SHELL32.dll
0x00007ffddc130000 - 0x00007ffddc8cd000 	C:\Windows\SYSTEM32\windows.storage.dll
0x00007ffde04f0000 - 0x00007ffde0843000 	C:\Windows\System32\combase.dll
0x00007ffddddd0000 - 0x00007ffddddfe000 	C:\Windows\SYSTEM32\Wldp.dll
0x00007ffddfa50000 - 0x00007ffddfb1d000 	C:\Windows\System32\OLEAUT32.dll
0x00007ffde00e0000 - 0x00007ffde018d000 	C:\Windows\System32\SHCORE.dll
0x00007ffddee00000 - 0x00007ffddee55000 	C:\Windows\System32\shlwapi.dll
0x00007ffdde3b0000 - 0x00007ffdde3d4000 	C:\Windows\SYSTEM32\profapi.dll
0x00007ffdb8a60000 - 0x00007ffdb8a73000 	C:\Program Files\Java\jdk-18.0.2.1\bin\net.dll
0x00007ffdd4370000 - 0x00007ffdd447a000 	C:\Windows\SYSTEM32\WINHTTP.dll
0x00007ffdddb30000 - 0x00007ffdddb9a000 	C:\Windows\system32\mswsock.dll
0x00007ffdb6d10000 - 0x00007ffdb6d26000 	C:\Program Files\Java\jdk-18.0.2.1\bin\nio.dll
0x00007ffdb6cb0000 - 0x00007ffdb6cc8000 	C:\Program Files\Java\jdk-18.0.2.1\bin\zip.dll
0x00007ffdd60d0000 - 0x00007ffdd60e0000 	C:\Program Files\Java\jdk-18.0.2.1\bin\verify.dll
0x00007ffdb6c80000 - 0x00007ffdb6ca7000 	C:\Users\Dell\.gradle\native\68d5fa5c4cc2d200863cafc0d521ce42e7d3e7ee720ec0a83991735586a16f82\windows-amd64\native-platform.dll
0x00007ffda6700000 - 0x00007ffda6844000 	C:\Users\Dell\.gradle\native\e376f236ea51e6404a007f0833ffe2c6e607c4080706a723a18a27aeea778392\windows-amd64\native-platform-file-events.dll
0x00007ffdb6c40000 - 0x00007ffdb6c49000 	C:\Program Files\Java\jdk-18.0.2.1\bin\management.dll
0x00007ffdb6c30000 - 0x00007ffdb6c3b000 	C:\Program Files\Java\jdk-18.0.2.1\bin\management_ext.dll
0x00007ffdddd30000 - 0x00007ffdddd48000 	C:\Windows\SYSTEM32\CRYPTSP.dll
0x00007ffddd450000 - 0x00007ffddd484000 	C:\Windows\system32\rsaenh.dll
0x00007ffdde360000 - 0x00007ffdde38e000 	C:\Windows\SYSTEM32\USERENV.dll
0x00007ffdddd20000 - 0x00007ffdddd2c000 	C:\Windows\SYSTEM32\CRYPTBASE.dll
0x00007ffddd810000 - 0x00007ffddd84b000 	C:\Windows\SYSTEM32\IPHLPAPI.DLL
0x00007ffde04e0000 - 0x00007ffde04e8000 	C:\Windows\System32\NSI.dll
0x00007ffdd4eb0000 - 0x00007ffdd4ec7000 	C:\Windows\SYSTEM32\dhcpcsvc6.DLL
0x00007ffdd5f90000 - 0x00007ffdd5fad000 	C:\Windows\SYSTEM32\dhcpcsvc.DLL
0x00007ffddd850000 - 0x00007ffddd91b000 	C:\Windows\SYSTEM32\DNSAPI.dll

dbghelp: loaded successfully - version: 4.0.5 - missing functions: none
symbol engine: initialized successfully - sym options: 0x614 - pdb path: .;C:\Program Files\Java\jdk-18.0.2.1\bin;C:\Windows\SYSTEM32;C:\Windows\WinSxS\amd64_microsoft.windows.common-controls_6595b64144ccf1df_6.0.19041.4355_none_60b8b9eb71f62e16;C:\Program Files\Java\jdk-18.0.2.1\bin\server;C:\Users\Dell\.gradle\native\68d5fa5c4cc2d200863cafc0d521ce42e7d3e7ee720ec0a83991735586a16f82\windows-amd64;C:\Users\Dell\.gradle\native\e376f236ea51e6404a007f0833ffe2c6e607c4080706a723a18a27aeea778392\windows-amd64

VM Arguments:
jvm_args: -XX:MaxMetaspaceSize=512m --add-opens=java.base/java.util=ALL-UNNAMED --add-opens=java.base/java.lang=ALL-UNNAMED --add-opens=java.base/java.lang.invoke=ALL-UNNAMED --add-opens=java.prefs/java.util.prefs=ALL-UNNAMED --add-opens=java.base/java.nio.charset=ALL-UNNAMED --add-opens=java.base/java.net=ALL-UNNAMED --add-opens=java.base/java.util.concurrent.atomic=ALL-UNNAMED -Xmx2048m -Dfile.encoding=UTF-8 -Duser.country=GB -Duser.language=en -Duser.variant 
java_command: org.gradle.launcher.daemon.bootstrap.GradleDaemon 8.0.1
java_class_path (initial): C:\Users\Dell\.gradle\wrapper\dists\gradle-8.0.1-all\aro4hu1c3oeioove7l0i4i14o\gradle-8.0.1\lib\gradle-launcher-8.0.1.jar
Launcher Type: SUN_STANDARD

[Global flags]
     intx CICompilerCount                          = 3                                         {product} {ergonomic}
   size_t CompressedClassSpaceSize                 = 432013312                                 {product} {ergonomic}
     uint ConcGCThreads                            = 1                                         {product} {ergonomic}
     uint G1ConcRefinementThreads                  = 4                                         {product} {ergonomic}
   size_t G1HeapRegionSize                         = 1048576                                   {product} {ergonomic}
    uintx GCDrainStackTargetSize                   = 64                                        {product} {ergonomic}
   size_t InitialHeapSize                          = 134217728                                 {product} {ergonomic}
   size_t MarkStackSize                            = 4194304                                   {product} {ergonomic}
   size_t MaxHeapSize                              = 2147483648                                {product} {command line}
   size_t MaxMetaspaceSize                         = 536870912                                 {product} {command line}
   size_t MaxNewSize                               = 1287651328                                {product} {ergonomic}
   size_t MinHeapDeltaBytes                        = 1048576                                   {product} {ergonomic}
   size_t MinHeapSize                              = 8388608                                   {product} {ergonomic}
    uintx NonNMethodCodeHeapSize                   = 5832780                                {pd product} {ergonomic}
    uintx NonProfiledCodeHeapSize                  = 122912730                              {pd product} {ergonomic}
    uintx ProfiledCodeHeapSize                     = 122912730                              {pd product} {ergonomic}
    uintx ReservedCodeCacheSize                    = 251658240                              {pd product} {ergonomic}
     bool SegmentedCodeCache                       = true                                      {product} {ergonomic}
   size_t SoftMaxHeapSize                          = 2147483648                             {manageable} {ergonomic}
     bool UseCompressedClassPointers               = true                           {product lp64_product} {ergonomic}
     bool UseCompressedOops                        = true                           {product lp64_product} {ergonomic}
     bool UseG1GC                                  = true                                      {product} {ergonomic}
     bool UseLargePagesIndividualAllocation        = false                                  {pd product} {ergonomic}

Logging:
Log output configuration:
 #0: stdout all=warning uptime,level,tags foldmultilines=false
 #1: stderr all=off uptime,level,tags foldmultilines=false

Environment Variables:
JAVA_HOME=C:\Program Files\Java\jdk-18.0.2.1
CLASSPATH=D:\React-native\Ross\android\\gradle\wrapper\gradle-wrapper.jar
PATH=D:\React-native\Ross\node_modules\.bin;D:\React-native\Ross\node_modules\.bin;D:\React-native\node_modules\.bin;D:\node_modules\.bin;C:\Program Files\nodejs\node_modules\npm\node_modules\@npmcli\run-script\lib\node-gyp-bin;D:\React-native\Ross\node_modules\.bin;D:\React-native\Ross\node_modules\.bin;D:\React-native\node_modules\.bin;D:\node_modules\.bin;C:\Program Files\nodejs\node_modules\npm\node_modules\@npmcli\run-script\lib\node-gyp-bin;C:\Program Files\Common Files\Oracle\Java\javapath;C:\Program Files\Java\jdk1.8.0_341\bin;C:\Program Files\nodejs\;C:\Program Files\Git\cmd;C:\Users\Dell\AppData\Local\Microsoft\WindowsApps;D:\vs code\Microsoft VS Code\bin;D:\Java\IntelliJ IDEA Community Edition 2022.3.1\bin;;C:\Program Files\Java\jdk1.8.0_341\bin;C:\Users\Dell\AppData\Roaming\npm
USERNAME=Dell
OS=Windows_NT
PROCESSOR_IDENTIFIER=Intel64 Family 6 Model 78 Stepping 3, GenuineIntel



---------------  S Y S T E M  ---------------

OS:
 Windows 10 , 64 bit Build 19041 (10.0.19041.3636)
OS uptime: 0 days 4:54 hours

CPU: total 4 (initial active 4) (2 cores per cpu, 2 threads per core) family 6 model 78 stepping 3 microcode 0xf0, cx8, cmov, fxsr, ht, mmx, 3dnowpref, sse, sse2, sse3, ssse3, sse4.1, sse4.2, popcnt, lzcnt, tsc, tscinvbit, avx, avx2, aes, erms, clmul, bmi1, bmi2, rtm, adx, fma, vzeroupper, clflush, clflushopt

Memory: 4k page, system-wide physical 8087M (266M free)
TotalPageFile size 20710M (AvailPageFile size 8M)
current process WorkingSet (physical memory assigned to process): 190M, peak: 204M
current process commit charge ("private bytes"): 230M, peak: 271M

vm_info: Java HotSpot(TM) 64-Bit Server VM (18.0.2.1+1-1) for windows-amd64 JRE (18.0.2.1+1-1), built on Aug 16 2022 01:46:33 by "mach5one" with MS VC++ 16.8 / 16.9 (VS2019)

END.
